<?xml version="1.0" encoding="UTF-8"?>
<!-- Generated by org.testng.reporters.JUnitReportReporter -->
<testsuite hostname="LAPTOP-P2RI77UJ" failures="0" tests="1" name="testcase.RegisterTC1" time="1.063" errors="0" timestamp="2024-10-06T14:02:25 IST" skipped="0">
  <testcase classname="testcase.RegisterTC1" name="refistrationMethod" time="1.063"/>
  <system-out/>
</testsuite> <!-- testcase.RegisterTC1 -->
