<?xml version="1.0" encoding="UTF-8"?>
<!-- Generated by org.testng.reporters.JUnitReportReporter -->
<testsuite hostname="LAPTOP-P2RI77UJ" failures="0" tests="1" name="testcase.RegisterTC1" time="0.733" errors="0" timestamp="2024-10-08T12:59:56 IST" skipped="0">
  <testcase classname="testcase.RegisterTC1" name="refistrationMethod" time="0.733"/>
  <system-out/>
</testsuite> <!-- testcase.RegisterTC1 -->
